<?xml version="1.0" encoding="UTF-8"?>
<beans xmlns="http://www.springframework.org/schema/beans"
       xmlns:xsi="http://www.w3.org/2001/XMLSchema-instance"
       xsi:schemaLocation="http://www.springframework.org/schema/beans http://www.springframework.org/schema/beans/spring-beans-2.5.xsd">

    <bean class="org.springframework.beans.factory.config.PropertyPlaceholderConfigurer">
        <property name="locations" value="classpath:test-database.properties"/>
    </bean>

    <bean id="dbUnitInsertOperation" class="org.springframework.beans.factory.config.MethodInvokingFactoryBean"
          depends-on="transactionManager">
        <property name="targetObject">
            <bean class="org.dbunit.operation.RefreshOperation"/>
        </property>
        <property name="targetMethod" value="execute"/>
        <property name="arguments">
            <list>
                <ref bean="dbUnitConnection"/>
                <bean id="dbUnitDataSet"
                      class="org.dbunit.dataset.xml.FlatXmlDataSet">
                    <constructor-arg>
                        <bean id="refDataFile" factory-bean="referenceData" factory-method="getInputStream"/>
                    </constructor-arg>
                </bean>
            </list>
        </property>
    </bean>

    <bean id="referenceData" class="org.springframework.core.io.ClassPathResource">
        <constructor-arg value="testdata.xml"/>
    </bean>

    <bean id="dbUnitConnection" class="util.CustomDatabaseConnection">
        <constructor-arg>
            <bean id="connection" factory-bean="dataSource" factory-method="getConnection"/>
        </constructor-arg>
    </bean>

</beans>