<?xml version="1.0" encoding="UTF-8"?>
<beans xmlns="http://www.springframework.org/schema/beans"
       xmlns:xsi="http://www.w3.org/2001/XMLSchema-instance"
       xsi:schemaLocation="http://www.springframework.org/schema/beans http://www.springframework.org/schema/beans/spring-beans-2.5.xsd">

    <bean id="databaseSetupBean" class="org.springframework.beans.factory.config.MethodInvokingFactoryBean">
        <property name="targetObject">
            <bean class="nl.gridshore.samples.books.integration.DatabaseOperations" >
                <property name="dataSource" ref="dataSource"/>
            </bean>
        </property>
        <property name="targetMethod" value="initializeDatabase"/>
    </bean>

</beans>